2020-04-21 16:24:49,560 crnn.gluon INFO: logger init finished
2020-04-21 16:24:49,595 crnn.gluon INFO: origin learning rate: 0.0001 boundaries: [24, 40, 56, 72]  values: [0.0001, 5e-05, 2.5e-05, 1e-05, 2.0000000000000003e-06]
2020-04-21 16:24:49,738 crnn.gluon INFO: loss at epoch [0/80], step [0/2229], loss: 24.322008, time: 0.1394
2020-04-21 16:24:54,391 crnn.gluon INFO: loss at epoch [0/80], step [20/2229], loss: 29.630688, time: 4.6529
2020-04-21 16:25:06,667 crnn.gluon INFO: logger init finished
2020-04-21 16:25:06,702 crnn.gluon INFO: origin learning rate: 0.0001 boundaries: [24, 40, 56, 72]  values: [0.0001, 5e-05, 2.5e-05, 1e-05, 2.0000000000000003e-06]
2020-04-21 16:25:07,403 crnn.gluon INFO: loss at epoch [0/80], step [0/278], loss: 40.666946, time: 0.6972
2020-04-21 16:25:36,346 crnn.gluon INFO: loss at epoch [0/80], step [20/278], loss: 27.877703, time: 28.9350
2020-04-21 16:26:06,477 crnn.gluon INFO: loss at epoch [0/80], step [40/278], loss: 31.942636, time: 30.1303
2020-04-21 16:26:37,181 crnn.gluon INFO: loss at epoch [0/80], step [60/278], loss: 29.733532, time: 30.7045
2020-04-21 16:27:07,377 crnn.gluon INFO: loss at epoch [0/80], step [80/278], loss: 28.543369, time: 30.1951
2020-04-21 16:27:38,148 crnn.gluon INFO: loss at epoch [0/80], step [100/278], loss: 28.692238, time: 30.7707
2020-04-21 16:28:08,472 crnn.gluon INFO: loss at epoch [0/80], step [120/278], loss: 36.914585, time: 30.3244
2020-04-21 16:28:38,855 crnn.gluon INFO: loss at epoch [0/80], step [140/278], loss: 23.382814, time: 30.3829
2020-04-21 16:29:08,804 crnn.gluon INFO: loss at epoch [0/80], step [160/278], loss: 27.818958, time: 29.9485
2020-04-21 17:04:19,566 crnn.gluon INFO: logger init finished
2020-04-21 17:04:45,036 crnn.gluon INFO: logger init finished
2020-04-21 17:04:45,929 crnn.gluon INFO: loss at epoch [0/80], step [0/278], loss: 29.019466, time: 0.7968
2020-04-21 17:11:15,288 crnn.gluon INFO: logger init finished
2020-04-21 17:11:21,323 crnn.gluon INFO: start to eval
2020-04-21 17:17:07,059 crnn.gluon INFO: logger init finished
2020-04-21 17:17:08,068 crnn.gluon INFO: start to eval
2020-04-21 17:19:06,708 crnn.gluon INFO: logger init finished
2020-04-21 17:19:07,644 crnn.gluon INFO: start to eval
2020-04-21 22:11:00,595 crnn.gluon INFO: logger init finished
2020-04-21 22:13:26,396 crnn.gluon INFO: logger init finished
2020-04-21 22:16:46,459 crnn.gluon INFO: logger init finished
2020-04-21 22:16:47,574 crnn.gluon INFO: loss at epoch [0/80], step [0/625], loss: 65.703827, time: 0.0760
2020-04-21 22:16:50,441 crnn.gluon INFO: loss at epoch [0/80], step [20/625], loss: 29.435757, time: 2.8672
2020-04-21 22:16:53,288 crnn.gluon INFO: loss at epoch [0/80], step [40/625], loss: 23.986629, time: 2.8469
2020-04-21 22:16:56,125 crnn.gluon INFO: loss at epoch [0/80], step [60/625], loss: 19.852234, time: 2.8368
2020-04-21 22:16:58,945 crnn.gluon INFO: loss at epoch [0/80], step [80/625], loss: 23.281322, time: 2.8194
2020-04-21 22:17:01,765 crnn.gluon INFO: loss at epoch [0/80], step [100/625], loss: 21.098263, time: 2.8197
2020-04-21 22:17:04,587 crnn.gluon INFO: loss at epoch [0/80], step [120/625], loss: 22.298439, time: 2.8220
2020-04-21 22:17:07,421 crnn.gluon INFO: loss at epoch [0/80], step [140/625], loss: 24.980873, time: 2.8341
2020-04-21 22:17:10,247 crnn.gluon INFO: loss at epoch [0/80], step [160/625], loss: 22.452072, time: 2.8256
2020-04-21 22:17:13,253 crnn.gluon INFO: loss at epoch [0/80], step [180/625], loss: 22.688820, time: 3.0061
2020-04-21 22:17:16,119 crnn.gluon INFO: loss at epoch [0/80], step [200/625], loss: 18.903217, time: 2.8653
2020-04-21 22:17:18,958 crnn.gluon INFO: loss at epoch [0/80], step [220/625], loss: 14.917586, time: 2.8387
2020-04-21 22:17:21,785 crnn.gluon INFO: loss at epoch [0/80], step [240/625], loss: 15.743128, time: 2.8269
2020-04-21 22:17:24,640 crnn.gluon INFO: loss at epoch [0/80], step [260/625], loss: 17.295792, time: 2.8552
2020-04-21 22:17:27,606 crnn.gluon INFO: loss at epoch [0/80], step [280/625], loss: 13.026026, time: 2.9654
2020-04-21 22:17:30,476 crnn.gluon INFO: loss at epoch [0/80], step [300/625], loss: 10.891097, time: 2.8698
2020-04-21 22:17:33,443 crnn.gluon INFO: loss at epoch [0/80], step [320/625], loss: 9.705624, time: 2.9671
2020-04-21 22:17:36,473 crnn.gluon INFO: loss at epoch [0/80], step [340/625], loss: 13.593036, time: 3.0297
2020-04-21 22:17:39,455 crnn.gluon INFO: loss at epoch [0/80], step [360/625], loss: 10.295628, time: 2.9817
2020-04-21 22:17:42,655 crnn.gluon INFO: loss at epoch [0/80], step [380/625], loss: 10.734018, time: 3.2001
2020-04-21 22:17:45,638 crnn.gluon INFO: loss at epoch [0/80], step [400/625], loss: 9.936728, time: 2.9827
2020-04-21 22:17:48,555 crnn.gluon INFO: loss at epoch [0/80], step [420/625], loss: 6.466545, time: 2.9168
2020-04-21 22:17:51,630 crnn.gluon INFO: loss at epoch [0/80], step [440/625], loss: 7.461670, time: 3.0749
2020-04-21 22:17:54,640 crnn.gluon INFO: loss at epoch [0/80], step [460/625], loss: 8.727282, time: 3.0098
2020-04-21 22:17:57,581 crnn.gluon INFO: loss at epoch [0/80], step [480/625], loss: 10.819321, time: 2.9404
2020-04-21 22:18:00,585 crnn.gluon INFO: loss at epoch [0/80], step [500/625], loss: 9.315731, time: 3.0040
2020-04-21 22:18:03,491 crnn.gluon INFO: loss at epoch [0/80], step [520/625], loss: 9.707476, time: 2.9056
2020-04-21 22:18:06,420 crnn.gluon INFO: loss at epoch [0/80], step [540/625], loss: 4.456314, time: 2.9289
2020-04-21 22:18:09,349 crnn.gluon INFO: loss at epoch [0/80], step [560/625], loss: 7.571940, time: 2.9287
2020-04-21 22:18:12,279 crnn.gluon INFO: loss at epoch [0/80], step [580/625], loss: 11.343579, time: 2.9297
2020-04-21 22:18:15,223 crnn.gluon INFO: loss at epoch [0/80], step [600/625], loss: 7.938221, time: 2.9439
2020-04-21 22:18:18,181 crnn.gluon INFO: loss at epoch [0/80], step [620/625], loss: 9.371969, time: 2.9575
2020-04-21 22:18:18,822 crnn.gluon INFO: start to eval
2020-04-21 22:18:18,943 crnn.gluon INFO: eval right ratio:0.00%
2020-04-21 22:18:19,000 crnn.gluon INFO: save model to ../crnn-model/crnn, current best right ratio:0.00%
2020-04-21 22:18:19,061 crnn.gluon INFO: loss at epoch [1/80], step [0/625], loss: 8.011814, time: 0.0604
2020-04-21 22:18:21,998 crnn.gluon INFO: loss at epoch [1/80], step [20/625], loss: 9.563300, time: 2.9368
2020-04-21 22:18:25,134 crnn.gluon INFO: loss at epoch [1/80], step [40/625], loss: 3.453447, time: 3.1354
2020-04-21 22:18:28,153 crnn.gluon INFO: loss at epoch [1/80], step [60/625], loss: 7.638584, time: 3.0195
2020-04-21 22:18:31,188 crnn.gluon INFO: loss at epoch [1/80], step [80/625], loss: 11.075165, time: 3.0350
2020-04-21 22:18:34,075 crnn.gluon INFO: loss at epoch [1/80], step [100/625], loss: 9.362566, time: 2.8866
2020-04-21 22:18:36,911 crnn.gluon INFO: loss at epoch [1/80], step [120/625], loss: 7.464998, time: 2.8356
2020-04-21 22:18:39,866 crnn.gluon INFO: loss at epoch [1/80], step [140/625], loss: 4.564704, time: 2.9552
2020-04-21 22:18:42,782 crnn.gluon INFO: loss at epoch [1/80], step [160/625], loss: 16.646244, time: 2.9150
2020-04-21 22:18:45,733 crnn.gluon INFO: loss at epoch [1/80], step [180/625], loss: 9.193556, time: 2.9513
2020-04-21 22:18:48,849 crnn.gluon INFO: loss at epoch [1/80], step [200/625], loss: 3.305536, time: 3.1158
2020-04-21 22:18:51,972 crnn.gluon INFO: loss at epoch [1/80], step [220/625], loss: 6.355904, time: 3.1228
2020-04-21 22:18:55,052 crnn.gluon INFO: loss at epoch [1/80], step [240/625], loss: 5.803354, time: 3.0798
2020-04-21 22:18:57,999 crnn.gluon INFO: loss at epoch [1/80], step [260/625], loss: 4.172244, time: 2.9466
2020-04-21 22:22:13,441 crnn.gluon INFO: logger init finished
2020-04-21 22:25:51,455 crnn.gluon INFO: logger init finished
2020-04-21 22:28:50,562 crnn.gluon INFO: logger init finished
2020-04-21 22:33:34,884 crnn.gluon INFO: logger init finished
2020-04-21 22:38:31,048 crnn.gluon INFO: logger init finished
2020-04-21 22:38:47,898 crnn.gluon INFO: logger init finished
2020-04-21 22:39:10,069 crnn.gluon INFO: logger init finished
2020-04-21 22:39:11,218 crnn.gluon INFO: loss at epoch [0/80], step [0/625], loss: 180.462738, time: 0.0747
2020-04-21 22:39:14,094 crnn.gluon INFO: loss at epoch [0/80], step [20/625], loss: 30.193579, time: 2.8759
2020-04-21 22:39:16,945 crnn.gluon INFO: loss at epoch [0/80], step [40/625], loss: 25.657345, time: 2.8501
2020-04-21 22:39:19,782 crnn.gluon INFO: loss at epoch [0/80], step [60/625], loss: 23.844011, time: 2.8375
2020-04-21 22:39:43,071 crnn.gluon INFO: logger init finished
2020-04-21 22:39:44,194 crnn.gluon INFO: loss at epoch [0/80], step [0/625], loss: 63.467243, time: 0.0804
2020-04-21 22:40:44,247 crnn.gluon INFO: logger init finished
2020-04-21 22:40:45,459 crnn.gluon INFO: loss at epoch [0/80], step [0/625], loss: 61.457253, acc: 0.0000, time: 0.0988
2020-04-21 22:40:48,353 crnn.gluon INFO: loss at epoch [0/80], step [20/625], loss: 25.717821, acc: 0.0000, time: 2.8935
2020-04-21 22:40:51,243 crnn.gluon INFO: loss at epoch [0/80], step [40/625], loss: 25.795284, acc: 0.0000, time: 2.8899
2020-04-21 22:40:54,085 crnn.gluon INFO: loss at epoch [0/80], step [60/625], loss: 22.461470, acc: 0.0000, time: 2.8412
2020-04-21 22:40:56,926 crnn.gluon INFO: loss at epoch [0/80], step [80/625], loss: 22.636986, acc: 0.0000, time: 2.8411
2020-04-21 22:40:59,760 crnn.gluon INFO: loss at epoch [0/80], step [100/625], loss: 22.473566, acc: 0.0000, time: 2.8343
2020-04-21 22:41:02,604 crnn.gluon INFO: loss at epoch [0/80], step [120/625], loss: 19.240482, acc: 0.0000, time: 2.8436
2020-04-21 22:41:05,454 crnn.gluon INFO: loss at epoch [0/80], step [140/625], loss: 23.688831, acc: 0.0000, time: 2.8492
2020-04-21 22:41:08,303 crnn.gluon INFO: loss at epoch [0/80], step [160/625], loss: 21.936859, acc: 0.0000, time: 2.8491
2020-04-21 22:41:11,285 crnn.gluon INFO: loss at epoch [0/80], step [180/625], loss: 20.033272, acc: 0.0000, time: 2.9825
2020-04-21 22:41:14,154 crnn.gluon INFO: loss at epoch [0/80], step [200/625], loss: 14.869459, acc: 0.0000, time: 2.8688
2020-04-21 22:41:17,006 crnn.gluon INFO: loss at epoch [0/80], step [220/625], loss: 11.291041, acc: 0.0000, time: 2.8512
2020-04-21 22:41:19,931 crnn.gluon INFO: loss at epoch [0/80], step [240/625], loss: 11.854730, acc: 0.0000, time: 2.9250
2020-04-21 22:41:22,902 crnn.gluon INFO: loss at epoch [0/80], step [260/625], loss: 11.716229, acc: 0.0000, time: 2.9712
2020-04-21 22:41:25,963 crnn.gluon INFO: loss at epoch [0/80], step [280/625], loss: 13.584213, acc: 0.0000, time: 3.0600
2020-04-21 22:41:28,885 crnn.gluon INFO: loss at epoch [0/80], step [300/625], loss: 11.573360, acc: 0.0000, time: 2.9220
2020-04-21 22:41:31,797 crnn.gluon INFO: loss at epoch [0/80], step [320/625], loss: 9.778620, acc: 0.0000, time: 2.9124
2020-04-21 22:41:34,702 crnn.gluon INFO: loss at epoch [0/80], step [340/625], loss: 7.047854, acc: 0.0000, time: 2.9044
2020-04-21 22:41:37,608 crnn.gluon INFO: loss at epoch [0/80], step [360/625], loss: 16.475777, acc: 0.0000, time: 2.9059
2020-04-21 22:41:40,466 crnn.gluon INFO: loss at epoch [0/80], step [380/625], loss: 9.363303, acc: 0.0000, time: 2.8580
2020-04-21 22:41:43,453 crnn.gluon INFO: loss at epoch [0/80], step [400/625], loss: 9.126808, acc: 0.0000, time: 2.9864
2020-04-21 22:41:46,513 crnn.gluon INFO: loss at epoch [0/80], step [420/625], loss: 12.820238, acc: 0.0000, time: 3.0600
2020-04-21 22:41:49,393 crnn.gluon INFO: loss at epoch [0/80], step [440/625], loss: 9.525175, acc: 0.0000, time: 2.8800
2020-04-21 22:41:52,412 crnn.gluon INFO: loss at epoch [0/80], step [460/625], loss: 16.509380, acc: 0.0000, time: 3.0188
2020-04-21 22:41:55,395 crnn.gluon INFO: loss at epoch [0/80], step [480/625], loss: 9.157680, acc: 0.0000, time: 2.9830
2020-04-21 22:41:58,388 crnn.gluon INFO: loss at epoch [0/80], step [500/625], loss: 9.383526, acc: 0.0000, time: 2.9928
2020-04-21 22:42:01,406 crnn.gluon INFO: loss at epoch [0/80], step [520/625], loss: 10.478089, acc: 0.0000, time: 3.0171
2020-04-21 22:42:04,372 crnn.gluon INFO: loss at epoch [0/80], step [540/625], loss: 5.637314, acc: 0.0000, time: 2.9659
2020-04-21 22:42:07,297 crnn.gluon INFO: loss at epoch [0/80], step [560/625], loss: 10.049986, acc: 0.0000, time: 2.9249
2020-04-21 22:42:10,290 crnn.gluon INFO: loss at epoch [0/80], step [580/625], loss: 5.458398, acc: 0.0000, time: 2.9925
2020-04-21 22:42:13,199 crnn.gluon INFO: loss at epoch [0/80], step [600/625], loss: 6.275918, acc: 0.0000, time: 2.9090
2020-04-21 22:42:16,089 crnn.gluon INFO: loss at epoch [0/80], step [620/625], loss: 8.832080, acc: 0.0000, time: 2.8900
2020-04-21 22:42:16,744 crnn.gluon INFO: start to eval
2020-04-21 22:42:16,856 crnn.gluon INFO: eval right ratio:100.00%
2020-04-21 22:42:16,939 crnn.gluon INFO: save model to crnn-model/crnn, current best right ratio:100.00%
2020-04-21 22:42:17,016 crnn.gluon INFO: loss at epoch [1/80], step [0/625], loss: 3.162218, acc: 0.0000, time: 0.0772
2020-04-21 22:42:19,928 crnn.gluon INFO: loss at epoch [1/80], step [20/625], loss: 4.949031, acc: 0.0000, time: 2.9118
2020-04-21 22:42:22,844 crnn.gluon INFO: loss at epoch [1/80], step [40/625], loss: 6.902595, acc: 0.0000, time: 2.9153
2020-04-21 22:42:25,793 crnn.gluon INFO: loss at epoch [1/80], step [60/625], loss: 10.406315, acc: 0.0000, time: 2.9492
2020-04-21 22:42:28,892 crnn.gluon INFO: loss at epoch [1/80], step [80/625], loss: 11.602932, acc: 0.0000, time: 3.0984
2020-04-21 22:42:31,953 crnn.gluon INFO: loss at epoch [1/80], step [100/625], loss: 5.212832, acc: 0.0000, time: 3.0610
2020-04-21 22:42:34,971 crnn.gluon INFO: loss at epoch [1/80], step [120/625], loss: 7.192942, acc: 0.0000, time: 3.0175
2020-04-21 22:42:37,968 crnn.gluon INFO: loss at epoch [1/80], step [140/625], loss: 6.239474, acc: 0.0000, time: 2.9977
2020-04-21 22:43:11,676 crnn.gluon INFO: logger init finished
2020-04-21 22:45:35,663 crnn.gluon INFO: logger init finished
2020-04-21 22:45:36,768 crnn.gluon INFO: load model from crnn-model/crnn
2020-04-21 22:45:49,753 crnn.gluon INFO: logger init finished
2020-04-21 22:45:58,402 crnn.gluon INFO: load model from crnn-model/crnn
2020-04-21 22:46:09,198 crnn.gluon INFO: start to eval
2020-04-21 22:49:18,102 crnn.gluon INFO: logger init finished
2020-04-21 22:49:19,264 crnn.gluon INFO: load model from crnn-model/crnn
2020-04-21 22:49:58,580 crnn.gluon INFO: logger init finished
2020-04-21 22:49:59,710 crnn.gluon INFO: load model from crnn-model/crnn
2020-04-21 22:50:01,365 crnn.gluon INFO: start to eval
2020-04-21 22:51:32,489 crnn.gluon INFO: logger init finished
2020-04-21 22:51:33,591 crnn.gluon INFO: load model from crnn-model/crnn
2020-04-21 22:51:35,333 crnn.gluon INFO: start to eval
2020-04-21 22:56:37,733 crnn.gluon INFO: logger init finished
2020-04-21 22:56:38,841 crnn.gluon INFO: load model from crnn-model/crnn
2020-04-21 22:56:40,190 crnn.gluon INFO: start to eval
2020-04-21 22:57:55,847 crnn.gluon INFO: logger init finished
2020-04-21 22:57:56,950 crnn.gluon INFO: load model from crnn-model/crnn
2020-04-21 22:57:59,107 crnn.gluon INFO: start to eval
2020-04-21 22:58:28,866 crnn.gluon INFO: eval right ratio:87.50%
2020-04-21 23:02:19,269 crnn.gluon INFO: logger init finished
2020-04-21 23:02:20,376 crnn.gluon INFO: load model from crnn-model/crnn
2020-04-21 23:02:39,923 crnn.gluon INFO: logger init finished
2020-04-21 23:02:40,994 crnn.gluon INFO: load model from crnn-model/crnn
2020-04-21 23:02:41,112 crnn.gluon INFO: loss at epoch [0/80], step [0/312], loss: 5.508704, acc: 0.0000, lr: 0.0001, time: 0.1182
2020-04-21 23:02:46,282 crnn.gluon INFO: loss at epoch [0/80], step [20/312], loss: 3.343388, acc: 0.0000, lr: 0.0001, time: 5.1701
2020-04-21 23:02:51,439 crnn.gluon INFO: loss at epoch [0/80], step [40/312], loss: 3.475417, acc: 0.0000, lr: 0.0001, time: 5.1568
2020-04-21 23:02:56,718 crnn.gluon INFO: loss at epoch [0/80], step [60/312], loss: 3.505314, acc: 0.0000, lr: 0.0001, time: 5.2786
2020-04-21 23:03:01,936 crnn.gluon INFO: loss at epoch [0/80], step [80/312], loss: 2.152869, acc: 0.0000, lr: 0.0001, time: 5.2177
2020-04-21 23:03:07,156 crnn.gluon INFO: loss at epoch [0/80], step [100/312], loss: 2.992024, acc: 0.0000, lr: 0.0001, time: 5.2195
2020-04-21 23:03:12,334 crnn.gluon INFO: loss at epoch [0/80], step [120/312], loss: 1.999491, acc: 0.0000, lr: 0.0001, time: 5.1784
2020-04-21 23:03:17,553 crnn.gluon INFO: loss at epoch [0/80], step [140/312], loss: 1.803900, acc: 0.0000, lr: 0.0001, time: 5.2188
2020-04-21 23:03:23,259 crnn.gluon INFO: logger init finished
2020-04-21 23:03:24,356 crnn.gluon INFO: load model from crnn-model/crnn
2020-04-21 23:04:32,497 crnn.gluon INFO: logger init finished
2020-04-21 23:04:33,568 crnn.gluon INFO: load model from crnn-model/crnn
2020-04-21 23:04:33,686 crnn.gluon INFO: loss at epoch [0/80], step [0/312], loss: 7.148045, acc: 0.5000, lr: 0.0001, time: 0.1174
2020-04-21 23:04:38,844 crnn.gluon INFO: loss at epoch [0/80], step [20/312], loss: 2.151342, acc: 0.6875, lr: 0.0001, time: 5.1585
2020-04-21 23:04:44,021 crnn.gluon INFO: loss at epoch [0/80], step [40/312], loss: 2.346223, acc: 0.6875, lr: 0.0001, time: 5.1762
2020-04-21 23:04:49,168 crnn.gluon INFO: loss at epoch [0/80], step [60/312], loss: 3.869045, acc: 0.5938, lr: 0.0001, time: 5.1473
2020-04-21 23:04:54,312 crnn.gluon INFO: loss at epoch [0/80], step [80/312], loss: 2.260012, acc: 0.5938, lr: 0.0001, time: 5.1441
2020-04-21 23:04:59,453 crnn.gluon INFO: loss at epoch [0/80], step [100/312], loss: 2.090823, acc: 0.7188, lr: 0.0001, time: 5.1409
2020-04-21 23:05:04,591 crnn.gluon INFO: loss at epoch [0/80], step [120/312], loss: 2.766951, acc: 0.6875, lr: 0.0001, time: 5.1378
2020-04-21 23:05:09,743 crnn.gluon INFO: loss at epoch [0/80], step [140/312], loss: 1.494512, acc: 0.7188, lr: 0.0001, time: 5.1514
2020-04-21 23:05:14,897 crnn.gluon INFO: loss at epoch [0/80], step [160/312], loss: 1.370485, acc: 0.7188, lr: 0.0001, time: 5.1533
2020-04-21 23:05:20,052 crnn.gluon INFO: loss at epoch [0/80], step [180/312], loss: 1.497230, acc: 0.6875, lr: 0.0001, time: 5.1555
2020-04-21 23:05:25,204 crnn.gluon INFO: loss at epoch [0/80], step [200/312], loss: 1.888713, acc: 0.7188, lr: 0.0001, time: 5.1511
2020-04-21 23:05:30,353 crnn.gluon INFO: loss at epoch [0/80], step [220/312], loss: 1.442876, acc: 0.6875, lr: 0.0001, time: 5.1498
2020-04-21 23:05:35,602 crnn.gluon INFO: loss at epoch [0/80], step [240/312], loss: 1.196606, acc: 0.7812, lr: 0.0001, time: 5.2484
2020-04-21 23:05:40,820 crnn.gluon INFO: loss at epoch [0/80], step [260/312], loss: 1.000731, acc: 0.8750, lr: 0.0001, time: 5.2180
2020-04-21 23:05:45,970 crnn.gluon INFO: loss at epoch [0/80], step [280/312], loss: 1.163471, acc: 0.7188, lr: 0.0001, time: 5.1499
2020-04-21 23:05:51,098 crnn.gluon INFO: loss at epoch [0/80], step [300/312], loss: 0.674555, acc: 0.8438, lr: 0.0001, time: 5.1274
2020-04-21 23:05:54,192 crnn.gluon INFO: start to eval
2020-04-21 23:05:57,081 crnn.gluon INFO: save model to crnn-model/crnn, current best right ratio:99.20%
2020-04-21 23:05:57,206 crnn.gluon INFO: loss at epoch [1/80], step [0/312], loss: 1.928490, acc: 0.6875, lr: 0.0001, time: 0.1245
2020-04-21 23:06:02,351 crnn.gluon INFO: loss at epoch [1/80], step [20/312], loss: 1.730868, acc: 0.7188, lr: 0.0001, time: 5.1445
2020-04-21 23:06:10,300 crnn.gluon INFO: logger init finished
2020-04-21 23:06:11,445 crnn.gluon INFO: load model from crnn-model/crnn
2020-04-21 23:07:56,997 crnn.gluon INFO: logger init finished
2020-04-21 23:07:58,069 crnn.gluon INFO: load model from crnn-model/crnn
2020-04-21 23:07:58,188 crnn.gluon INFO: loss at epoch [0/80], step [0/312], loss: 1.565901, acc: 0.7500, lr: 0.0001, time: 0.1187
2020-04-21 23:08:03,380 crnn.gluon INFO: loss at epoch [0/80], step [20/312], loss: 0.691410, acc: 0.8125, lr: 0.0001, time: 5.1922
